<?xml version="1.0" encoding="UTF-8"?>
<robot generator="Robot 6.1.1 (Python 3.10.4 on darwin)" generated="20241118 10:10:46.348" rpa="false" schemaversion="4">
<suite id="s1" name="Tests" source="/Users/lottapispa/palautusrepositorio/viikko3/hello-robot/src/tests">
<suite id="s1-s1" name="Increase Counter" source="/Users/lottapispa/palautusrepositorio/viikko3/hello-robot/src/tests/increase_counter.robot">
<test id="s1-s1-t1" name="Increase Counter Once" line="5">
<kw name="Counter Value Should Be" library="CounterLibrary">
<arg>0</arg>
<status status="PASS" starttime="20241118 10:10:46.358" endtime="20241118 10:10:46.358"/>
</kw>
<kw name="Increase Counter" library="CounterLibrary">
<status status="PASS" starttime="20241118 10:10:46.358" endtime="20241118 10:10:46.358"/>
</kw>
<kw name="Counter Value Should Be" library="CounterLibrary">
<arg>1</arg>
<status status="PASS" starttime="20241118 10:10:46.358" endtime="20241118 10:10:46.358"/>
</kw>
<status status="PASS" starttime="20241118 10:10:46.358" endtime="20241118 10:10:46.359"/>
</test>
<test id="s1-s1-t2" name="Increase Counter Many Times" line="10">
<kw name="Counter Value Should Be" library="CounterLibrary">
<arg>0</arg>
<status status="PASS" starttime="20241118 10:10:46.359" endtime="20241118 10:10:46.359"/>
</kw>
<kw name="Increase Counter" library="CounterLibrary">
<status status="PASS" starttime="20241118 10:10:46.359" endtime="20241118 10:10:46.359"/>
</kw>
<kw name="Increase Counter" library="CounterLibrary">
<status status="PASS" starttime="20241118 10:10:46.359" endtime="20241118 10:10:46.359"/>
</kw>
<kw name="Increase Counter" library="CounterLibrary">
<status status="PASS" starttime="20241118 10:10:46.359" endtime="20241118 10:10:46.359"/>
</kw>
<kw name="Counter Value Should Be" library="CounterLibrary">
<arg>3</arg>
<status status="PASS" starttime="20241118 10:10:46.359" endtime="20241118 10:10:46.359"/>
</kw>
<status status="PASS" starttime="20241118 10:10:46.359" endtime="20241118 10:10:46.359"/>
</test>
<test id="s1-s1-t3" name="Increment Counter By Amount" line="17">
<kw name="Counter Value Should Be" library="CounterLibrary">
<arg>0</arg>
<status status="PASS" starttime="20241118 10:10:46.359" endtime="20241118 10:10:46.359"/>
</kw>
<kw name="Increment Counter By" library="CounterLibrary">
<arg>5</arg>
<status status="PASS" starttime="20241118 10:10:46.359" endtime="20241118 10:10:46.359"/>
</kw>
<kw name="Counter Value Should Be" library="CounterLibrary">
<arg>5</arg>
<status status="PASS" starttime="20241118 10:10:46.359" endtime="20241118 10:10:46.360"/>
</kw>
<status status="PASS" starttime="20241118 10:10:46.359" endtime="20241118 10:10:46.360"/>
</test>
<status status="PASS" starttime="20241118 10:10:46.357" endtime="20241118 10:10:46.360"/>
</suite>
<suite id="s1-s2" name="Reset Counter" source="/Users/lottapispa/palautusrepositorio/viikko3/hello-robot/src/tests/reset_counter.robot">
<test id="s1-s2-t1" name="Reset Counter After One Increment" line="5">
<kw name="Counter Value Should Be" library="CounterLibrary">
<arg>0</arg>
<status status="PASS" starttime="20241118 10:10:46.361" endtime="20241118 10:10:46.361"/>
</kw>
<kw name="Increase Counter" library="CounterLibrary">
<status status="PASS" starttime="20241118 10:10:46.361" endtime="20241118 10:10:46.361"/>
</kw>
<kw name="Counter Value Should Be" library="CounterLibrary">
<arg>1</arg>
<status status="PASS" starttime="20241118 10:10:46.361" endtime="20241118 10:10:46.361"/>
</kw>
<kw name="Reset Counter">
<msg timestamp="20241118 10:10:46.362" level="FAIL">No keyword with name 'Reset Counter' found.</msg>
<status status="FAIL" starttime="20241118 10:10:46.362" endtime="20241118 10:10:46.362"/>
</kw>
<kw name="Counter Value Should Be" library="CounterLibrary">
<arg>0</arg>
<status status="NOT RUN" starttime="20241118 10:10:46.362" endtime="20241118 10:10:46.362"/>
</kw>
<status status="FAIL" starttime="20241118 10:10:46.361" endtime="20241118 10:10:46.362">No keyword with name 'Reset Counter' found.</status>
</test>
<test id="s1-s2-t2" name="Reset Counter After Several Increments" line="12">
<kw name="Counter Value Should Be" library="CounterLibrary">
<arg>0</arg>
<status status="PASS" starttime="20241118 10:10:46.362" endtime="20241118 10:10:46.362"/>
</kw>
<kw name="Increment Counter By" library="CounterLibrary">
<arg>5</arg>
<status status="PASS" starttime="20241118 10:10:46.362" endtime="20241118 10:10:46.362"/>
</kw>
<kw name="Counter Value Should Be" library="CounterLibrary">
<arg>5</arg>
<status status="PASS" starttime="20241118 10:10:46.362" endtime="20241118 10:10:46.362"/>
</kw>
<kw name="Reset Counter">
<msg timestamp="20241118 10:10:46.363" level="FAIL">No keyword with name 'Reset Counter' found.</msg>
<status status="FAIL" starttime="20241118 10:10:46.363" endtime="20241118 10:10:46.363"/>
</kw>
<kw name="Counter Value Should Be" library="CounterLibrary">
<arg>0</arg>
<status status="NOT RUN" starttime="20241118 10:10:46.363" endtime="20241118 10:10:46.363"/>
</kw>
<status status="FAIL" starttime="20241118 10:10:46.362" endtime="20241118 10:10:46.363">No keyword with name 'Reset Counter' found.</status>
</test>
<status status="FAIL" starttime="20241118 10:10:46.360" endtime="20241118 10:10:46.363"/>
</suite>
<status status="FAIL" starttime="20241118 10:10:46.349" endtime="20241118 10:10:46.363"/>
</suite>
<statistics>
<total>
<stat pass="3" fail="2" skip="0">All Tests</stat>
</total>
<tag>
</tag>
<suite>
<stat pass="3" fail="2" skip="0" id="s1" name="Tests">Tests</stat>
<stat pass="3" fail="0" skip="0" id="s1-s1" name="Increase Counter">Tests.Increase Counter</stat>
<stat pass="0" fail="2" skip="0" id="s1-s2" name="Reset Counter">Tests.Reset Counter</stat>
</suite>
</statistics>
<errors>
</errors>
</robot>
